<?xml version="1.0" encoding="UTF-8"?>
<!-- Generated by org.testng.reporters.JUnitReportReporter -->
<testsuite hostname="DESKTOP-D3R123C" failures="0" tests="24" name="testRunner.TestRunner" time="22.228" errors="0" timestamp="2025-08-12T12:55:41 IST" skipped="0">
  <testcase classname="testRunner.TestRunner" name="runScenario" time="1.798"/>
  <testcase classname="testRunner.TestRunner" name="runScenario" time="1.265"/>
  <testcase classname="testRunner.TestRunner" name="runScenario" time="0.072"/>
  <testcase classname="testRunner.TestRunner" name="runScenario" time="0.060"/>
  <testcase classname="testRunner.TestRunner" name="runScenario" time="0.070"/>
  <testcase classname="testRunner.TestRunner" name="runScenario" time="0.068"/>
  <testcase classname="testRunner.TestRunner" name="runScenario" time="1.284"/>
  <testcase classname="testRunner.TestRunner" name="runScenario" time="2.005"/>
  <testcase classname="testRunner.TestRunner" name="runScenario" time="1.868"/>
  <testcase classname="testRunner.TestRunner" name="runScenario" time="2.088"/>
  <testcase classname="testRunner.TestRunner" name="runScenario" time="0.067"/>
  <testcase classname="testRunner.TestRunner" name="runScenario" time="0.071"/>
  <testcase classname="testRunner.TestRunner" name="runScenario" time="1.881"/>
  <testcase classname="testRunner.TestRunner" name="runScenario" time="0.073"/>
  <testcase classname="testRunner.TestRunner" name="runScenario" time="1.755"/>
  <testcase classname="testRunner.TestRunner" name="runScenario" time="1.665"/>
  <testcase classname="testRunner.TestRunner" name="runScenario" time="1.963"/>
  <testcase classname="testRunner.TestRunner" name="runScenario" time="0.073"/>
  <testcase classname="testRunner.TestRunner" name="runScenario" time="0.218"/>
  <testcase classname="testRunner.TestRunner" name="runScenario" time="0.188"/>
  <testcase classname="testRunner.TestRunner" name="runScenario" time="1.706"/>
  <testcase classname="testRunner.TestRunner" name="runScenario" time="1.853"/>
  <testcase classname="testRunner.TestRunner" name="runScenario" time="0.071"/>
  <testcase classname="testRunner.TestRunner" name="runScenario" time="0.066"/>
</testsuite> <!-- testRunner.TestRunner -->
